<?xml version="1.0" encoding="UTF-8" ?>
<testsuite tests="5" failures="0" name="com.software2.examples.pharmacysapp.PedidoTest" time="0.152" errors="0" skipped="0">
  <properties>
[...]
</properties>
  <testcase classname="com.software2.examples.pharmacysapp.PedidoTest" name="testIntegracion_PagoSubtotal" time="0.013"/>
  <testcase classname="com.software2.examples.pharmacysapp.PedidoTest" name="testIntegracion_caso4" time="0.02"/>
  <testcase classname="com.software2.examples.pharmacysapp.PedidoTest" name="testIntegracion_caso5" time="0.003"/>
  <testcase classname="com.software2.examples.pharmacysapp.PedidoTest" name="testIntegracion_catalogo_carrito" time="0"/>
  <testcase classname="com.software2.examples.pharmacysapp.PedidoTest" name="testIntegracion_producto_catalogo" time="0.001"/>
</testsuite>